[
  {
    "line": 1,
    "elements": [
      {
        "start_timestamp": "2019-06-13T21:46:58.838Z",
        "before": [
          {
            "result": {
              "duration": 814200,
              "status": "passed"
            },
            "match": {
              "location": "LoginSteps.setup()"
            }
          }
        ],
        "line": 26,
        "name": "Login with different data",
        "description": "",
        "id": "login-feature.;login-with-different-data",
        "after": [
          {
            "result": {
              "duration": 762916600,
              "status": "passed"
            },
            "match": {
              "location": "LoginSteps.teardown()"
            }
          }
        ],
        "type": "scenario",
        "keyword": "Scenario",
        "steps": [
          {
            "result": {
              "duration": 5584191000,
              "status": "passed"
            },
            "line": 27,
            "name": "Open browser",
            "match": {
              "location": "LoginSteps.openBrowser()"
            },
            "keyword": "Given "
          },
          {
            "result": {
              "duration": 7928787800,
              "status": "passed"
            },
            "line": 28,
            "name": "Enter the url \"http://practice.automationtesting.in/\"",
            "match": {
              "arguments": [
                {
                  "val": "http://practice.automationtesting.in/",
                  "offset": 15
                }
              ],
              "location": "LoginSteps.enterTheUrl(String)"
            },
            "keyword": "When "
          },
          {
            "result": {
              "duration": 7635910100,
              "status": "passed"
            },
            "line": 29,
            "name": "Click on My Account link",
            "match": {
              "location": "LoginSteps.clickOnMyAccountLink()"
            },
            "keyword": "And "
          },
          {
            "result": {
              "error_message": "cucumber.runtime.CucumberException: Could not convert arguments for step [Send username and password] defined at \u0027Steps.LoginSteps.sendUsernameAndPassword(DataTable) in file:/C:/Users/Bilal/Desktop/AutomationExecuteProject/target/test-classes/\u0027.\nIt appears you did not register a data table type. The details are in the stacktrace below.\r\n\tat cucumber.runner.PickleStepDefinitionMatch.registerTypeInConfiguration(PickleStepDefinitionMatch.java:59)\r\n\tat cucumber.runner.PickleStepDefinitionMatch.runStep(PickleStepDefinitionMatch.java:44)\r\n\tat cucumber.runner.TestStep.executeStep(TestStep.java:65)\r\n\tat cucumber.runner.TestStep.run(TestStep.java:50)\r\n\tat cucumber.runner.PickleStepTestStep.run(PickleStepTestStep.java:43)\r\n\tat cucumber.runner.TestCase.run(TestCase.java:46)\r\n\tat cucumber.runner.Runner.runPickle(Runner.java:49)\r\n\tat cucumber.runtime.junit.PickleRunners$NoStepDescriptions.run(PickleRunners.java:146)\r\n\tat cucumber.runtime.junit.FeatureRunner.runChild(FeatureRunner.java:68)\r\n\tat cucumber.runtime.junit.FeatureRunner.runChild(FeatureRunner.java:23)\r\n\tat org.junit.runners.ParentRunner$3.run(ParentRunner.java:290)\r\n\tat org.junit.runners.ParentRunner$1.schedule(ParentRunner.java:71)\r\n\tat org.junit.runners.ParentRunner.runChildren(ParentRunner.java:288)\r\n\tat org.junit.runners.ParentRunner.access$000(ParentRunner.java:58)\r\n\tat org.junit.runners.ParentRunner$2.evaluate(ParentRunner.java:268)\r\n\tat org.junit.runners.ParentRunner.run(ParentRunner.java:363)\r\n\tat cucumber.runtime.junit.FeatureRunner.run(FeatureRunner.java:73)\r\n\tat cucumber.api.junit.Cucumber.runChild(Cucumber.java:123)\r\n\tat cucumber.api.junit.Cucumber.runChild(Cucumber.java:65)\r\n\tat org.junit.runners.ParentRunner$3.run(ParentRunner.java:290)\r\n\tat org.junit.runners.ParentRunner$1.schedule(ParentRunner.java:71)\r\n\tat org.junit.runners.ParentRunner.runChildren(ParentRunner.java:288)\r\n\tat org.junit.runners.ParentRunner.access$000(ParentRunner.java:58)\r\n\tat org.junit.runners.ParentRunner$2.evaluate(ParentRunner.java:268)\r\n\tat cucumber.api.junit.Cucumber$RunCucumber.evaluate(Cucumber.java:147)\r\n\tat org.junit.runners.ParentRunner.run(ParentRunner.java:363)\r\n\tat org.junit.runner.JUnitCore.run(JUnitCore.java:137)\r\n\tat com.intellij.junit4.JUnit4IdeaTestRunner.startRunnerWithArgs(JUnit4IdeaTestRunner.java:68)\r\n\tat com.intellij.rt.execution.junit.IdeaTestRunner$Repeater.startRunnerWithArgs(IdeaTestRunner.java:47)\r\n\tat com.intellij.rt.execution.junit.JUnitStarter.prepareStreamsAndStart(JUnitStarter.java:242)\r\n\tat com.intellij.rt.execution.junit.JUnitStarter.main(JUnitStarter.java:70)\r\nCaused by: io.cucumber.datatable.UndefinedDataTableTypeException: Can\u0027t convert DataTable to cucumber.api.DataTable.\nPlease register a DataTableType with a TableTransformer, TableEntryTransformer or TableRowTransformer for cucumber.api.DataTable.\r\n\tat io.cucumber.datatable.UndefinedDataTableTypeException.singletonNoConverterDefined(UndefinedDataTableTypeException.java:15)\r\n\tat io.cucumber.datatable.DataTableTypeRegistryTableConverter.toSingleton(DataTableTypeRegistryTableConverter.java:106)\r\n\tat io.cucumber.datatable.DataTableTypeRegistryTableConverter.convert(DataTableTypeRegistryTableConverter.java:75)\r\n\tat io.cucumber.datatable.DataTable.convert(DataTable.java:362)\r\n\tat io.cucumber.stepexpression.StepExpressionFactory$3.transform(StepExpressionFactory.java:73)\r\n\tat io.cucumber.stepexpression.DataTableArgument.getValue(DataTableArgument.java:19)\r\n\tat cucumber.runner.PickleStepDefinitionMatch.runStep(PickleStepDefinitionMatch.java:41)\r\n\t... 29 more\r\n",
              "duration": 2891100,
              "status": "failed"
            },
            "line": 30,
            "name": "Send username and password",
            "match": {
              "location": "LoginSteps.sendUsernameAndPassword(DataTable)"
            },
            "rows": [
              {
                "cells": [
                  "rahaoui.bilalma",
                  "Testing^^password@12456#"
                ]
              }
            ],
            "keyword": "And "
          },
          {
            "result": {
              "duration": 12200,
              "status": "skipped"
            },
            "line": 32,
            "name": "Click on LOGIN button",
            "match": {
              "location": "LoginSteps.clickOnLOGINButton()"
            },
            "keyword": "And "
          },
          {
            "result": {
              "duration": 6200,
              "status": "skipped"
            },
            "line": 33,
            "name": "User must be successfully redirected to home page",
            "match": {
              "location": "LoginSteps.userMustBeSuccessfullyRedirectedToHomePage()"
            },
            "keyword": "Then "
          }
        ]
      }
    ],
    "name": "Login feature.",
    "description": "  Description : This feature will test login functionality for the given application \"automationtesting.in\"",
    "id": "login-feature.",
    "keyword": "Feature",
    "uri": "file:src/test/java/Feature/Login.feature",
    "tags": []
  }
]