<?xml version="1.0" encoding="UTF-8" standalone="no"?>
<testsuite failures="0" name="cucumber.runtime.formatter.JUnitFormatter" skipped="0" tests="1" time="24.316623">
    <testcase classname="Login feature." name="Login with data table params with header" time="24.316623">
        <system-out>
            <![CDATA[Given Open browser..........................................................passed
When Enter the url "http://practice.automationtesting.in/"..................passed
And Click on My Account link................................................passed
And Send username and password..............................................passed
And Click on LOGIN button...................................................passed
Then verify login...........................................................passed
]]>
        </system-out>
    </testcase>
</testsuite>
